#
# A fatal error has been detected by the Java Runtime Environment:
#
#  EXCEPTION_ACCESS_VIOLATION (0xc0000005) at pc=0x000000006c5a09e0, pid=13508, tid=0x0000000000002bc0
#
# JRE version: Java(TM) SE Runtime Environment (8.0_181-b13) (build 1.8.0_181-b13)
# Java VM: Java HotSpot(TM) 64-Bit Server VM (25.181-b13 mixed mode windows-amd64 compressed oops)
# Problematic frame:
# V  [jvm.dll+0xb09e0]
#
# Failed to write core dump. Minidumps are not enabled by default on client versions of Windows
#
# If you would like to submit a bug report, please visit:
#   http://bugreport.java.com/bugreport/crash.jsp
#

---------------  T H R E A D  ---------------

Current thread (0x0000000017478000):  VMThread [stack: 0x0000000018500000,0x0000000018600000] [id=11200]

siginfo: ExceptionCode=0xc0000005, reading address 0x0000000000010008

Registers:
RAX=0x0000000000000000, RBX=0x00000000e1bc7c62, RCX=0x00000000e1bc7c62, RDX=0x0000000000010000
RSP=0x00000000185ff0d8, RBP=0x00000000000083b0, RSI=0x0000000017475700, RDI=0x00000000f8a8fd40
R8 =0x0000000017475700, R9 =0x0000000100000208, R10=0x0000000000000001, R11=0x00000000f8b3a3f0
R12=0x0000000017476a30, R13=0x01e5000000000000, R14=0x0000000000000000, R15=0x00000000174fa260
RIP=0x000000006c5a09e0, EFLAGS=0x0000000000010206

Top of Stack: (sp=0x00000000185ff0d8)
0x00000000185ff0d8:   000000006c8f2ed2 0000000000000009
0x00000000185ff0e8:   0000000000000003 0000000017475700
0x00000000185ff0f8:   0000000000000000 00000000f8b38000
0x00000000185ff108:   0000000000001000 00000000185ff160
0x00000000185ff118:   0000000000000000 0000000000000000
0x00000000185ff128:   00000000174fa001 0000000017476a30
0x00000000185ff138:   000000006c8f3240 00000000f8ac9fbc
0x00000000185ff148:   00000000000083b0 0000000017475700
0x00000000185ff158:   00000000f8a8fd40 00000000f8ac9fbc
0x00000000185ff168:   000000006c8f3c15 0000000000000005
0x00000000185ff178:   0000000017476a30 00000000f8ad4a60
0x00000000185ff188:   000000006c8f3151 00000000e6876cc0
0x00000000185ff198:   0000000000000004 0000000017475700
0x00000000185ff1a8:   0000000000000000 00000000f8ad0000
0x00000000185ff1b8:   0000000000001000 0000000000000000
0x00000000185ff1c8:   0000000000000000 0000000000000000 

Instructions: (pc=0x000000006c5a09e0)
0x000000006c5a09c0:   8c c9 1d 00 48 8b 9c 24 d0 00 00 00 48 81 c4 c0
0x000000006c5a09d0:   00 00 00 5d c3 cc cc cc cc cc cc cc cc cc cc cc
0x000000006c5a09e0:   44 8b 42 08 4c 8b ca 45 85 c0 7e 0e 41 f6 c0 01
0x000000006c5a09f0:   75 57 41 c1 f8 03 41 8b c0 c3 79 4d 80 3d 6e 2f 


Register to memory mapping:

RAX=0x0000000000000000 is an unknown value
RBX=0x00000000e1bc7c62 is an unknown value
RCX=0x00000000e1bc7c62 is an unknown value
RDX=0x0000000000010000 is an unknown value
RSP=0x00000000185ff0d8 is an unknown value
RBP=0x00000000000083b0 is an unknown value
RSI=0x0000000017475700 is an unknown value
RDI=0x00000000f8a8fd40 is an oop

[error occurred during error reporting (printing register info), id 0xc0000005]

Stack: [0x0000000018500000,0x0000000018600000],  sp=0x00000000185ff0d8,  free space=1020k
Native frames: (J=compiled Java code, j=interpreted, Vv=VM code, C=native code)
V  [jvm.dll+0xb09e0]

VM_Operation (0x000000000292eb20): ParallelGCFailedAllocation, mode: safepoint, requested by thread 0x000000000275d800


---------------  P R O C E S S  ---------------

Java Threads: ( => current thread )
  0x000000001750e000 JavaThread "Service Thread" daemon [_thread_blocked, id=5860, stack(0x0000000019210000,0x0000000019310000)]
  0x00000000174c3000 JavaThread "C1 CompilerThread2" daemon [_thread_blocked, id=10452, stack(0x0000000018d10000,0x0000000018e10000)]
  0x00000000174b4000 JavaThread "C2 CompilerThread1" daemon [_thread_blocked, id=5688, stack(0x0000000018c10000,0x0000000018d10000)]
  0x00000000174af000 JavaThread "C2 CompilerThread0" daemon [_thread_blocked, id=9328, stack(0x0000000018b10000,0x0000000018c10000)]
  0x00000000174ab800 JavaThread "Attach Listener" daemon [_thread_blocked, id=4624, stack(0x0000000018a10000,0x0000000018b10000)]
  0x00000000174aa800 JavaThread "Signal Dispatcher" daemon [_thread_blocked, id=10208, stack(0x0000000018910000,0x0000000018a10000)]
  0x000000001749a800 JavaThread "Finalizer" daemon [_thread_blocked, id=11160, stack(0x0000000018700000,0x0000000018800000)]
  0x0000000002a20000 JavaThread "Reference Handler" daemon [_thread_blocked, id=7472, stack(0x0000000018600000,0x0000000018700000)]
  0x000000000275d800 JavaThread "main" [_thread_blocked, id=10848, stack(0x0000000002830000,0x0000000002930000)]

Other Threads:
=>0x0000000017478000 VMThread [stack: 0x0000000018500000,0x0000000018600000] [id=11200]
  0x0000000018e52800 WatcherThread [stack: 0x0000000019310000,0x0000000019410000] [id=6988]

VM state:at safepoint (normal execution)

VM Mutex/Monitor currently owned by a thread:  ([mutex/lock_event])
[0x000000000275cb30] Threads_lock - owner thread: 0x0000000017478000
[0x000000000275d530] Heap_lock - owner thread: 0x000000000275d800

Heap:
 PSYoungGen      total 360448K, used 360224K [0x00000000d6400000, 0x00000000f9a00000, 0x0000000100000000)
  eden space 356352K, 100% used [0x00000000d6400000,0x00000000ec000000,0x00000000ec000000)
  from space 4096K, 94% used [0x00000000f9600000,0x00000000f99c8000,0x00000000f9a00000)
  to   space 8192K, 15% used [0x00000000f8a00000,0x00000000f8b40000,0x00000000f9200000)
 ParOldGen       total 48128K, used 30337K [0x0000000082c00000, 0x0000000085b00000, 0x00000000d6400000)
  object space 48128K, 63% used [0x0000000082c00000,0x00000000849a06f0,0x0000000085b00000)
 Metaspace       used 3899K, capacity 4684K, committed 4864K, reserved 1056768K
  class space    used 420K, capacity 436K, committed 512K, reserved 1048576K

Card table byte_map: [0x0000000011df0000,0x00000000121e0000] byte_map_base: 0x00000000119da000

Marking Bits: (ParMarkBitMap*) 0x000000006cd12d00
 Begin Bits: [0x0000000012880000, 0x00000000147d0000)
 End Bits:   [0x00000000147d0000, 0x0000000016720000)

Polling page: 0x0000000000ab0000

CodeCache: size=245760Kb used=2940Kb max_used=3459Kb free=242819Kb
 bounds [0x0000000002a30000, 0x0000000002da0000, 0x0000000011a30000]
 total_blobs=815 nmethods=561 adapters=167
 compilation: enabled

Compilation events (10 events):
Event: 1262.729 Thread 0x00000000174b4000  752       4       sun.misc.FloatingDecimal$BinaryToASCIIBuffer::roundup (104 bytes)
Event: 1262.732 Thread 0x00000000174b4000 nmethod 752 0x0000000002d91ed0 code [0x0000000002d92000, 0x0000000002d920d8]
Event: 1262.760 Thread 0x00000000174af000  753       4       sun.misc.FloatingDecimal$BinaryToASCIIBuffer::dtoa (1509 bytes)
Event: 1262.799 Thread 0x00000000174af000 nmethod 753 0x0000000002c96e90 code [0x0000000002c97060, 0x0000000002c97f68]
Event: 1262.916 Thread 0x00000000174b4000  754       4       sun.misc.FloatingDecimal$BinaryToASCIIBuffer::getChars (502 bytes)
Event: 1262.923 Thread 0x00000000174b4000 nmethod 754 0x0000000002b9bc90 code [0x0000000002b9be00, 0x0000000002b9c368]
Event: 1698.457 Thread 0x00000000174af000  755       4       java.lang.String::indexOf (7 bytes)
Event: 1698.463 Thread 0x00000000174af000 nmethod 755 0x0000000002bb01d0 code [0x0000000002bb0300, 0x0000000002bb0458]
Event: 1780.196 Thread 0x00000000174b4000  756       4       java.nio.Buffer::hasRemaining (17 bytes)
Event: 1780.197 Thread 0x00000000174b4000 nmethod 756 0x0000000002bf4f90 code [0x0000000002bf50c0, 0x0000000002bf5138]

GC Heap History (10 events):
Event: 1780.048 GC heap after
Heap after GC invocations=1840 (full 2):
 PSYoungGen      total 342016K, used 160K [0x00000000d6400000, 0x00000000fa480000, 0x0000000100000000)
  eden space 341504K, 0% used [0x00000000d6400000,0x00000000d6400000,0x00000000eb180000)
  from space 512K, 31% used [0x00000000fa400000,0x00000000fa4281a0,0x00000000fa480000)
  to   space 7680K, 0% used [0x00000000f9580000,0x00000000f9580000,0x00000000f9d00000)
 ParOldGen       total 48128K, used 30058K [0x0000000082c00000, 0x0000000085b00000, 0x00000000d6400000)
  object space 48128K, 62% used [0x0000000082c00000,0x000000008495a850,0x0000000085b00000)
 Metaspace       used 3899K, capacity 4684K, committed 4864K, reserved 1056768K
  class space    used 420K, capacity 436K, committed 512K, reserved 1048576K
}
Event: 1780.114 GC heap before
{Heap before GC invocations=1841 (full 2):
 PSYoungGen      total 342016K, used 341641K [0x00000000d6400000, 0x00000000fa480000, 0x0000000100000000)
  eden space 341504K, 99% used [0x00000000d6400000,0x00000000eb17a3e8,0x00000000eb180000)
  from space 512K, 31% used [0x00000000fa400000,0x00000000fa4281a0,0x00000000fa480000)
  to   space 7680K, 0% used [0x00000000f9580000,0x00000000f9580000,0x00000000f9d00000)
 ParOldGen       total 48128K, used 30058K [0x0000000082c00000, 0x0000000085b00000, 0x00000000d6400000)
  object space 48128K, 62% used [0x0000000082c00000,0x000000008495a850,0x0000000085b00000)
 Metaspace       used 3899K, capacity 4684K, committed 4864K, reserved 1056768K
  class space    used 420K, capacity 436K, committed 512K, reserved 1048576K
Event: 1780.115 GC heap after
Heap after GC invocations=1841 (full 2):
 PSYoungGen      total 333824K, used 382K [0x00000000d6400000, 0x00000000fa480000, 0x0000000100000000)
  eden space 326144K, 0% used [0x00000000d6400000,0x00000000d6400000,0x00000000ea280000)
  from space 7680K, 4% used [0x00000000f9580000,0x00000000f95dfad0,0x00000000f9d00000)
  to   space 7680K, 0% used [0x00000000f9d00000,0x00000000f9d00000,0x00000000fa480000)
 ParOldGen       total 48128K, used 30058K [0x0000000082c00000, 0x0000000085b00000, 0x00000000d6400000)
  object space 48128K, 62% used [0x0000000082c00000,0x000000008495a850,0x0000000085b00000)
 Metaspace       used 3899K, capacity 4684K, committed 4864K, reserved 1056768K
  class space    used 420K, capacity 436K, committed 512K, reserved 1048576K
}
Event: 1780.188 GC heap before
{Heap before GC invocations=1842 (full 2):
 PSYoungGen      total 333824K, used 326433K [0x00000000d6400000, 0x00000000fa480000, 0x0000000100000000)
  eden space 326144K, 99% used [0x00000000d6400000,0x00000000ea268968,0x00000000ea280000)
  from space 7680K, 4% used [0x00000000f9580000,0x00000000f95dfad0,0x00000000f9d00000)
  to   space 7680K, 0% used [0x00000000f9d00000,0x00000000f9d00000,0x00000000fa480000)
 ParOldGen       total 48128K, used 30058K [0x0000000082c00000, 0x0000000085b00000, 0x00000000d6400000)
  object space 48128K, 62% used [0x0000000082c00000,0x000000008495a850,0x0000000085b00000)
 Metaspace       used 3899K, capacity 4684K, committed 4864K, reserved 1056768K
  class space    used 420K, capacity 436K, committed 512K, reserved 1048576K
Event: 1780.191 GC heap after
Heap after GC invocations=1842 (full 2):
 PSYoungGen      total 391680K, used 220K [0x00000000d6400000, 0x00000000f9d80000, 0x0000000100000000)
  eden space 391168K, 0% used [0x00000000d6400000,0x00000000d6400000,0x00000000ee200000)
  from space 512K, 43% used [0x00000000f9d00000,0x00000000f9d37290,0x00000000f9d80000)
  to   space 7680K, 0% used [0x00000000f8e80000,0x00000000f8e80000,0x00000000f9600000)
 ParOldGen       total 48128K, used 30058K [0x0000000082c00000, 0x0000000085b00000, 0x00000000d6400000)
  object space 48128K, 62% used [0x0000000082c00000,0x000000008495a850,0x0000000085b00000)
 Metaspace       used 3899K, capacity 4684K, committed 4864K, reserved 1056768K
  class space    used 420K, capacity 436K, committed 512K, reserved 1048576K
}
Event: 1782.379 GC heap before
{Heap before GC invocations=1843 (full 2):
 PSYoungGen      total 391680K, used 391388K [0x00000000d6400000, 0x00000000f9d80000, 0x0000000100000000)
  eden space 391168K, 100% used [0x00000000d6400000,0x00000000ee200000,0x00000000ee200000)
  from space 512K, 43% used [0x00000000f9d00000,0x00000000f9d37290,0x00000000f9d80000)
  to   space 7680K, 0% used [0x00000000f8e80000,0x00000000f8e80000,0x00000000f9600000)
 ParOldGen       total 48128K, used 30058K [0x0000000082c00000, 0x0000000085b00000, 0x00000000d6400000)
  object space 48128K, 62% used [0x0000000082c00000,0x000000008495a850,0x0000000085b00000)
 Metaspace       used 3899K, capacity 4684K, committed 4864K, reserved 1056768K
  class space    used 420K, capacity 436K, committed 512K, reserved 1048576K
Event: 1782.397 GC heap after
Heap after GC invocations=1843 (full 2):
 PSYoungGen      total 380928K, used 4672K [0x00000000d6400000, 0x00000000f9d80000, 0x0000000100000000)
  eden space 373248K, 0% used [0x00000000d6400000,0x00000000d6400000,0x00000000ed080000)
  from space 7680K, 60% used [0x00000000f8e80000,0x00000000f9310000,0x00000000f9600000)
  to   space 7680K, 0% used [0x00000000f9600000,0x00000000f9600000,0x00000000f9d80000)
 ParOldGen       total 48128K, used 30058K [0x0000000082c00000, 0x0000000085b00000, 0x00000000d6400000)
  object space 48128K, 62% used [0x0000000082c00000,0x000000008495a850,0x0000000085b00000)
 Metaspace       used 3899K, capacity 4684K, committed 4864K, reserved 1056768K
  class space    used 420K, capacity 436K, committed 512K, reserved 1048576K
}
Event: 1785.171 GC heap before
{Heap before GC invocations=1844 (full 2):
 PSYoungGen      total 380928K, used 377920K [0x00000000d6400000, 0x00000000f9d80000, 0x0000000100000000)
  eden space 373248K, 100% used [0x00000000d6400000,0x00000000ed080000,0x00000000ed080000)
  from space 7680K, 60% used [0x00000000f8e80000,0x00000000f9310000,0x00000000f9600000)
  to   space 7680K, 0% used [0x00000000f9600000,0x00000000f9600000,0x00000000f9d80000)
 ParOldGen       total 48128K, used 30058K [0x0000000082c00000, 0x0000000085b00000, 0x00000000d6400000)
  object space 48128K, 62% used [0x0000000082c00000,0x000000008495a850,0x0000000085b00000)
 Metaspace       used 3899K, capacity 4684K, committed 4864K, reserved 1056768K
  class space    used 420K, capacity 436K, committed 512K, reserved 1048576K
Event: 1785.194 GC heap after
Heap after GC invocations=1844 (full 2):
 PSYoungGen      total 360448K, used 3872K [0x00000000d6400000, 0x00000000f9a00000, 0x0000000100000000)
  eden space 356352K, 0% used [0x00000000d6400000,0x00000000d6400000,0x00000000ec000000)
  from space 4096K, 94% used [0x00000000f9600000,0x00000000f99c8000,0x00000000f9a00000)
  to   space 8192K, 0% used [0x00000000f8a00000,0x00000000f8a00000,0x00000000f9200000)
 ParOldGen       total 48128K, used 30305K [0x0000000082c00000, 0x0000000085b00000, 0x00000000d6400000)
  object space 48128K, 62% used [0x0000000082c00000,0x00000000849986f0,0x0000000085b00000)
 Metaspace       used 3899K, capacity 4684K, committed 4864K, reserved 1056768K
  class space    used 420K, capacity 436K, committed 512K, reserved 1048576K
}
Event: 1787.530 GC heap before
{Heap before GC invocations=1845 (full 2):
 PSYoungGen      total 360448K, used 360224K [0x00000000d6400000, 0x00000000f9a00000, 0x0000000100000000)
  eden space 356352K, 100% used [0x00000000d6400000,0x00000000ec000000,0x00000000ec000000)
  from space 4096K, 94% used [0x00000000f9600000,0x00000000f99c8000,0x00000000f9a00000)
  to   space 8192K, 0% used [0x00000000f8a00000,0x00000000f8a00000,0x00000000f9200000)
 ParOldGen       total 48128K, used 30305K [0x0000000082c00000, 0x0000000085b00000, 0x00000000d6400000)
  object space 48128K, 62% used [0x0000000082c00000,0x00000000849986f0,0x0000000085b00000)
 Metaspace       used 3899K, capacity 4684K, committed 4864K, reserved 1056768K
  class space    used 420K, capacity 436K, committed 512K, reserved 1048576K

Deoptimization events (10 events):
Event: 263.235 Thread 0x000000000275d800 Uncommon trap: reason=class_check action=maybe_recompile pc=0x0000000002d0d288 method=java.io.FileDescriptor.closeAll(Ljava/io/Closeable;)V @ 121
Event: 699.212 Thread 0x000000000275d800 Uncommon trap: reason=unstable_if action=reinterpret pc=0x0000000002b992bc method=sun.misc.FloatingDecimal$BinaryToASCIIBuffer.dtoa(IJIZ)V @ 1056
Event: 1019.393 Thread 0x000000000275d800 Uncommon trap: reason=unstable_if action=reinterpret pc=0x0000000002c4082c method=sun.misc.FloatingDecimal$BinaryToASCIIBuffer.dtoa(IJIZ)V @ 1459
Event: 1152.699 Thread 0x000000001749a800 Uncommon trap: reason=class_check action=maybe_recompile pc=0x0000000002d5d980 method=java.lang.System$2.invokeFinalize(Ljava/lang/Object;)V @ 1
Event: 1152.761 Thread 0x000000001749a800 Uncommon trap: reason=class_check action=maybe_recompile pc=0x0000000002d5d980 method=java.lang.System$2.invokeFinalize(Ljava/lang/Object;)V @ 1
Event: 1152.952 Thread 0x000000001749a800 Uncommon trap: reason=class_check action=maybe_recompile pc=0x0000000002d5d980 method=java.lang.System$2.invokeFinalize(Ljava/lang/Object;)V @ 1
Event: 1152.986 Thread 0x000000001749a800 Uncommon trap: reason=class_check action=maybe_recompile pc=0x0000000002d5d980 method=java.lang.System$2.invokeFinalize(Ljava/lang/Object;)V @ 1
Event: 1153.071 Thread 0x000000001749a800 Uncommon trap: reason=class_check action=maybe_recompile pc=0x0000000002d62920 method=java.lang.System$2.invokeFinalize(Ljava/lang/Object;)V @ 1
Event: 1214.750 Thread 0x000000000275d800 Uncommon trap: reason=unstable_if action=reinterpret pc=0x0000000002bf6170 method=sun.misc.FloatingDecimal$BinaryToASCIIBuffer.estimateDecExp(JI)I @ 117
Event: 1214.750 Thread 0x000000000275d800 Uncommon trap: reason=unstable_if action=reinterpret pc=0x0000000002b332c0 method=sun.misc.FloatingDecimal$BinaryToASCIIBuffer.getChars([C)I @ 233

Classes redefined (0 events):
No events

Internal exceptions (6 events):
Event: 0.067 Thread 0x000000000275d800 Exception <a 'java/lang/NoSuchMethodError': Method sun.misc.Unsafe.defineClass(Ljava/lang/String;[BII)Ljava/lang/Class; name or signature does not match> (0x00000000d6407cb0) thrown at [C:\re\workspace\8-2-build-windows-amd64-cygwin\jdk8u181\11358\hotspot
Event: 0.068 Thread 0x000000000275d800 Exception <a 'java/lang/NoSuchMethodError': Method sun.misc.Unsafe.prefetchRead(Ljava/lang/Object;J)V name or signature does not match> (0x00000000d6407f98) thrown at [C:\re\workspace\8-2-build-windows-amd64-cygwin\jdk8u181\11358\hotspot\src\share\vm\prim
Event: 0.217 Thread 0x000000000275d800 Exception <a 'java/security/PrivilegedActionException'> (0x00000000d654e1f0) thrown at [C:\re\workspace\8-2-build-windows-amd64-cygwin\jdk8u181\11358\hotspot\src\share\vm\prims\jvm.cpp, line 1435]
Event: 0.217 Thread 0x000000000275d800 Exception <a 'java/security/PrivilegedActionException'> (0x00000000d654e5e8) thrown at [C:\re\workspace\8-2-build-windows-amd64-cygwin\jdk8u181\11358\hotspot\src\share\vm\prims\jvm.cpp, line 1435]
Event: 0.218 Thread 0x000000000275d800 Exception <a 'java/security/PrivilegedActionException'> (0x00000000d6552440) thrown at [C:\re\workspace\8-2-build-windows-amd64-cygwin\jdk8u181\11358\hotspot\src\share\vm\prims\jvm.cpp, line 1435]
Event: 0.218 Thread 0x000000000275d800 Exception <a 'java/security/PrivilegedActionException'> (0x00000000d6552838) thrown at [C:\re\workspace\8-2-build-windows-amd64-cygwin\jdk8u181\11358\hotspot\src\share\vm\prims\jvm.cpp, line 1435]

Events (10 events):
Event: 1780.048 Executing VM operation: ParallelGCFailedAllocation done
Event: 1780.114 Executing VM operation: ParallelGCFailedAllocation
Event: 1780.115 Executing VM operation: ParallelGCFailedAllocation done
Event: 1780.188 Executing VM operation: ParallelGCFailedAllocation
Event: 1780.191 Executing VM operation: ParallelGCFailedAllocation done
Event: 1782.379 Executing VM operation: ParallelGCFailedAllocation
Event: 1782.398 Executing VM operation: ParallelGCFailedAllocation done
Event: 1785.171 Executing VM operation: ParallelGCFailedAllocation
Event: 1785.194 Executing VM operation: ParallelGCFailedAllocation done
Event: 1787.530 Executing VM operation: ParallelGCFailedAllocation


Dynamic libraries:
0x00007ff7e69e0000 - 0x00007ff7e6a17000 	C:\Program Files\Java\jre1.8.0_181\bin\javaw.exe
0x00007ffa62290000 - 0x00007ffa62471000 	C:\WINDOWS\SYSTEM32\ntdll.dll
0x00007ffa62100000 - 0x00007ffa621b1000 	C:\WINDOWS\System32\KERNEL32.DLL
0x00007ffa5efc0000 - 0x00007ffa5f233000 	C:\WINDOWS\System32\KERNELBASE.dll
0x00007ffa61020000 - 0x00007ffa610c1000 	C:\WINDOWS\System32\ADVAPI32.dll
0x00007ffa60da0000 - 0x00007ffa60e3e000 	C:\WINDOWS\System32\msvcrt.dll
0x00007ffa60e40000 - 0x00007ffa60e9b000 	C:\WINDOWS\System32\sechost.dll
0x00007ffa5f820000 - 0x00007ffa5f944000 	C:\WINDOWS\System32\RPCRT4.dll
0x00007ffa61490000 - 0x00007ffa61621000 	C:\WINDOWS\System32\USER32.dll
0x00007ffa5e6f0000 - 0x00007ffa5e710000 	C:\WINDOWS\System32\win32u.dll
0x00007ffa5f700000 - 0x00007ffa5f728000 	C:\WINDOWS\System32\GDI32.dll
0x00007ffa5ee20000 - 0x00007ffa5efb1000 	C:\WINDOWS\System32\gdi32full.dll
0x00007ffa5f660000 - 0x00007ffa5f6ff000 	C:\WINDOWS\System32\msvcp_win.dll
0x00007ffa5f2f0000 - 0x00007ffa5f3e8000 	C:\WINDOWS\System32\ucrtbase.dll
0x00007ffa52700000 - 0x00007ffa52969000 	C:\WINDOWS\WinSxS\amd64_microsoft.windows.common-controls_6595b64144ccf1df_6.0.17134.1130_none_d3ff42617c90becf\COMCTL32.dll
0x00007ffa617d0000 - 0x00007ffa61af1000 	C:\WINDOWS\System32\combase.dll
0x00007ffa5f5e0000 - 0x00007ffa5f659000 	C:\WINDOWS\System32\bcryptPrimitives.dll
0x00007ffa61460000 - 0x00007ffa6148d000 	C:\WINDOWS\System32\IMM32.DLL
0x000000006c250000 - 0x000000006c322000 	C:\Program Files\Java\jre1.8.0_181\bin\msvcr100.dll
0x000000006c4f0000 - 0x000000006cd92000 	C:\Program Files\Java\jre1.8.0_181\bin\server\jvm.dll
0x00007ffa613c0000 - 0x00007ffa613c8000 	C:\WINDOWS\System32\PSAPI.DLL
0x00007ffa4d1a0000 - 0x00007ffa4d1a9000 	C:\WINDOWS\SYSTEM32\WSOCK32.dll
0x00007ffa62030000 - 0x00007ffa6209c000 	C:\WINDOWS\System32\WS2_32.dll
0x00007ffa51e00000 - 0x00007ffa51e23000 	C:\WINDOWS\SYSTEM32\WINMM.dll
0x00007ffa55f50000 - 0x00007ffa55f5a000 	C:\WINDOWS\SYSTEM32\VERSION.dll
0x00007ffa51dd0000 - 0x00007ffa51dfa000 	C:\WINDOWS\SYSTEM32\winmmbase.dll
0x00007ffa5f2a0000 - 0x00007ffa5f2e9000 	C:\WINDOWS\System32\cfgmgr32.dll
0x000000006c400000 - 0x000000006c40f000 	C:\Program Files\Java\jre1.8.0_181\bin\verify.dll
0x000000006c3d0000 - 0x000000006c3f9000 	C:\Program Files\Java\jre1.8.0_181\bin\java.dll
0x000000006c3b0000 - 0x000000006c3c6000 	C:\Program Files\Java\jre1.8.0_181\bin\zip.dll
0x00007ffa5f950000 - 0x00007ffa60d95000 	C:\WINDOWS\System32\SHELL32.dll
0x00007ffa60ea0000 - 0x00007ffa60f49000 	C:\WINDOWS\System32\shcore.dll
0x00007ffa5e710000 - 0x00007ffa5ee20000 	C:\WINDOWS\System32\windows.storage.dll
0x00007ffa613d0000 - 0x00007ffa61421000 	C:\WINDOWS\System32\shlwapi.dll
0x00007ffa5e620000 - 0x00007ffa5e631000 	C:\WINDOWS\System32\kernel.appcore.dll
0x00007ffa5e590000 - 0x00007ffa5e5af000 	C:\WINDOWS\System32\profapi.dll
0x00007ffa5e5d0000 - 0x00007ffa5e61c000 	C:\WINDOWS\System32\powrprof.dll
0x00007ffa5e580000 - 0x00007ffa5e58a000 	C:\WINDOWS\System32\FLTLIB.DLL
0x00007ffa59d00000 - 0x00007ffa59ec9000 	C:\WINDOWS\SYSTEM32\dbghelp.dll

VM Arguments:
jvm_args: -Dfile.encoding=Cp1252 
java_command: main.Main
java_class_path (initial): C:\Users\jonathan\Egalitarian_Workspace_v2_NoLimitado\Egalitarian_project\bin
Launcher Type: SUN_STANDARD

Environment Variables:
PATH=C:/Program Files/Java/jre1.8.0_181/bin/server;C:/Program Files/Java/jre1.8.0_181/bin;C:/Program Files/Java/jre1.8.0_181/lib/amd64;C:\Program Files\Haskell\bin;C:\Program Files\Haskell Platform\8.4.3\lib\extralibs\bin;C:\Program Files\Haskell Platform\8.4.3\bin;C:\Program Files (x86)\Common Files\Oracle\Java\javapath;C:\WINDOWS\system32;C:\WINDOWS;C:\WINDOWS\System32\Wbem;C:\WINDOWS\System32\WindowsPowerShell\v1.0\;C:\WINDOWS\System32\OpenSSH\;C:\Program Files\Microsoft SQL Server\130\Tools\Binn\;C:\Program Files\Haskell Platform\8.4.3\mingw\bin;C:\Program Files\Git\cmd;C:\Users\jonathan\AppData\Roaming\cabal\bin;C:\Users\jonathan\AppData\Roaming\local\bin;C:\Users\jonathan\AppData\Local\Microsoft\WindowsApps;C:\Users\jonathan\AppData\Local\Programs\Microsoft VS Code\bin;C:\Users\jonathan\Downloads\eclipse;
USERNAME=jonathan
OS=Windows_NT
PROCESSOR_IDENTIFIER=Intel64 Family 6 Model 58 Stepping 9, GenuineIntel



---------------  S Y S T E M  ---------------

OS: Windows 10.0 , 64 bit Build 17134 (10.0.17134.753)

CPU:total 4 (initial active 4) (2 cores per cpu, 2 threads per core) family 6 model 58 stepping 9, cmov, cx8, fxsr, mmx, sse, sse2, sse3, ssse3, sse4.1, sse4.2, popcnt, avx, aes, clmul, erms, ht, tsc, tscinvbit, tscinv

Memory: 4k page, physical 8202600k(1576044k free), swap 15814632k(4347896k free)

vm_info: Java HotSpot(TM) 64-Bit Server VM (25.181-b13) for windows-amd64 JRE (1.8.0_181-b13), built on Jul  7 2018 04:01:33 by "java_re" with MS VC++ 10.0 (VS2010)

time: Fri Nov 29 01:19:35 2019
elapsed time: 1787 seconds (0d 0h 29m 47s)

