#
# A fatal error has been detected by the Java Runtime Environment:
#
#  EXCEPTION_ACCESS_VIOLATION (0xc0000005) at pc=0x00000000644709e0, pid=11088, tid=0x0000000000002458
#
# JRE version: Java(TM) SE Runtime Environment (8.0_181-b13) (build 1.8.0_181-b13)
# Java VM: Java HotSpot(TM) 64-Bit Server VM (25.181-b13 mixed mode windows-amd64 compressed oops)
# Problematic frame:
# V  [jvm.dll+0xb09e0]
#
# Failed to write core dump. Minidumps are not enabled by default on client versions of Windows
#
# If you would like to submit a bug report, please visit:
#   http://bugreport.java.com/bugreport/crash.jsp
#

---------------  T H R E A D  ---------------

Current thread (0x0000000017538000):  VMThread [stack: 0x00000000185c0000,0x00000000186c0000] [id=9304]

siginfo: ExceptionCode=0xc0000005, reading address 0x00000004da410008

Registers:
RAX=0x0000000000000000, RBX=0x00000000e2b69c2a, RCX=0x00000000e2b69c2a, RDX=0x00000004da410000
RSP=0x00000000186bec28, RBP=0x00000000000083b0, RSI=0x00000000175356c0, RDI=0x00000000fea9a048
R8 =0x00000000175356c0, R9 =0x0000000000000005, R10=0x0000000000000008, R11=0x00000000fefffff0
R12=0x00000000175374b0, R13=0x02da000000000000, R14=0x0000000000000000, R15=0x00000000190924d0
RIP=0x00000000644709e0, EFLAGS=0x0000000000010206

Top of Stack: (sp=0x00000000186bec28)
0x00000000186bec28:   00000000647c2ed2 00000000e2b69c78
0x00000000186bec38:   0000000000000005 00000000175356c0
0x00000000186bec48:   0000000000000000 00000000feff8000
0x00000000186bec58:   0000000000001000 00000000186becb0
0x00000000186bec68:   0000000000000000 0000000000000000
0x00000000186bec78:   0000000019092201 00000000175374b0
0x00000000186bec88:   00000000647c3240 00000000fef9ecb4
0x00000000186bec98:   00000000000083b0 00000000175356c0
0x00000000186beca8:   00000000fea9a048 00000000fef9ecb4
0x00000000186becb8:   00000000647c3c15 0000000000000005
0x00000000186becc8:   00000000175374b0 00000000fefa7e60
0x00000000186becd8:   00000000647c3151 00000000deb03578
0x00000000186bece8:   0000000000000004 00000000175356c0
0x00000000186becf8:   0000139f00000000 00000000fefa0000
0x00000000186bed08:   0000000000001000 0000000000000000
0x00000000186bed18:   0000000000000000 0000000000000000 

Instructions: (pc=0x00000000644709e0)
0x00000000644709c0:   8c c9 1d 00 48 8b 9c 24 d0 00 00 00 48 81 c4 c0
0x00000000644709d0:   00 00 00 5d c3 cc cc cc cc cc cc cc cc cc cc cc
0x00000000644709e0:   44 8b 42 08 4c 8b ca 45 85 c0 7e 0e 41 f6 c0 01
0x00000000644709f0:   75 57 41 c1 f8 03 41 8b c0 c3 79 4d 80 3d 6e 2f 


Register to memory mapping:

RAX=0x0000000000000000 is an unknown value
RBX=0x00000000e2b69c2a is an unknown value
RCX=0x00000000e2b69c2a is an unknown value
RDX=0x00000004da410000 is an unknown value
RSP=0x00000000186bec28 is an unknown value
RBP=0x00000000000083b0 is an unknown value
RSI=0x00000000175356c0 is an unknown value
RDI=0x00000000fea9a048 is an oop

[error occurred during error reporting (printing register info), id 0xc0000005]

Stack: [0x00000000185c0000,0x00000000186c0000],  sp=0x00000000186bec28,  free space=1019k
Native frames: (J=compiled Java code, j=interpreted, Vv=VM code, C=native code)
V  [jvm.dll+0xb09e0]

VM_Operation (0x000000000292ed30): ParallelGCFailedAllocation, mode: safepoint, requested by thread 0x0000000000fed800


---------------  P R O C E S S  ---------------

Java Threads: ( => current thread )
  0x00000000175cd000 JavaThread "Service Thread" daemon [_thread_blocked, id=13104, stack(0x00000000192d0000,0x00000000193d0000)]
  0x0000000018de0800 JavaThread "C1 CompilerThread2" daemon [_thread_blocked, id=4680, stack(0x00000000191d0000,0x00000000192d0000)]
  0x00000000175c5800 JavaThread "C2 CompilerThread1" daemon [_thread_blocked, id=7076, stack(0x0000000018cd0000,0x0000000018dd0000)]
  0x000000001756d800 JavaThread "C2 CompilerThread0" daemon [_thread_blocked, id=11952, stack(0x0000000018bd0000,0x0000000018cd0000)]
  0x000000001756a800 JavaThread "Attach Listener" daemon [_thread_blocked, id=1260, stack(0x0000000018ad0000,0x0000000018bd0000)]
  0x0000000017569800 JavaThread "Signal Dispatcher" daemon [_thread_blocked, id=5508, stack(0x00000000189d0000,0x0000000018ad0000)]
  0x0000000002aeb000 JavaThread "Finalizer" daemon [_thread_blocked, id=9088, stack(0x00000000187c0000,0x00000000188c0000)]
  0x0000000002ae0000 JavaThread "Reference Handler" daemon [_thread_blocked, id=12004, stack(0x00000000186c0000,0x00000000187c0000)]
  0x0000000000fed800 JavaThread "main" [_thread_blocked, id=8408, stack(0x0000000002830000,0x0000000002930000)]

Other Threads:
=>0x0000000017538000 VMThread [stack: 0x00000000185c0000,0x00000000186c0000] [id=9304]
  0x0000000018df9000 WatcherThread [stack: 0x00000000193d0000,0x00000000194d0000] [id=220]

VM state:at safepoint (normal execution)

VM Mutex/Monitor currently owned by a thread:  ([mutex/lock_event])
[0x0000000000fec9b0] Threads_lock - owner thread: 0x0000000017538000
[0x0000000000fed4b0] Heap_lock - owner thread: 0x0000000000fed800

Heap:
 PSYoungGen      total 558080K, used 557984K [0x00000000d6400000, 0x00000000ff380000, 0x0000000100000000)
  eden space 551424K, 100% used [0x00000000d6400000,0x00000000f7e80000,0x00000000f7e80000)
  from space 6656K, 98% used [0x00000000fe400000,0x00000000fea68000,0x00000000fea80000)
  to   space 9216K, 61% used [0x00000000fea80000,0x00000000ff000000,0x00000000ff380000)
 ParOldGen       total 48128K, used 36966K [0x0000000082c00000, 0x0000000085b00000, 0x00000000d6400000)
  object space 48128K, 76% used [0x0000000082c00000,0x0000000085019978,0x0000000085b00000)
 Metaspace       used 3903K, capacity 4684K, committed 4864K, reserved 1056768K
  class space    used 420K, capacity 436K, committed 512K, reserved 1048576K

Card table byte_map: [0x0000000011eb0000,0x00000000122a0000] byte_map_base: 0x0000000011a9a000

Marking Bits: (ParMarkBitMap*) 0x0000000064be2d00
 Begin Bits: [0x0000000012940000, 0x0000000014890000)
 End Bits:   [0x0000000014890000, 0x00000000167e0000)

Polling page: 0x0000000000fc0000

CodeCache: size=245760Kb used=2895Kb max_used=3448Kb free=242864Kb
 bounds [0x0000000002af0000, 0x0000000002e60000, 0x0000000011af0000]
 total_blobs=820 nmethods=566 adapters=167
 compilation: enabled

Compilation events (10 events):
Event: 2031.650 Thread 0x00000000175c5800  758   !   4       java.lang.ref.Reference::tryHandlePending (115 bytes)
Event: 2031.664 Thread 0x00000000175c5800 nmethod 758 0x0000000002c3f850 code [0x0000000002c3fa00, 0x0000000002c40348]
Event: 2707.095 Thread 0x0000000018de0800  759       3       java.util.Arrays::fill (28 bytes)
Event: 2707.097 Thread 0x0000000018de0800 nmethod 759 0x0000000002d02810 code [0x0000000002d02980, 0x0000000002d02be8]
Event: 2707.097 Thread 0x0000000018de0800  760       3       java.util.Arrays::rangeCheck (74 bytes)
Event: 2707.099 Thread 0x0000000018de0800 nmethod 760 0x0000000002ddebd0 code [0x0000000002ddee20, 0x0000000002ddfae8]
Event: 2924.018 Thread 0x0000000018de0800  761       1       java.util.HashMap::size (5 bytes)
Event: 2924.019 Thread 0x0000000018de0800 nmethod 761 0x0000000002d21150 code [0x0000000002d212a0, 0x0000000002d213b0]
Event: 2954.018 Thread 0x0000000018de0800  762       1       java.io.ExpiringCache::access$000 (5 bytes)
Event: 2954.019 Thread 0x0000000018de0800 nmethod 762 0x0000000002bfc850 code [0x0000000002bfc9a0, 0x0000000002bfca90]

GC Heap History (10 events):
Event: 6038.332 GC heap after
Heap after GC invocations=2472 (full 9):
 PSYoungGen      total 673792K, used 5984K [0x00000000d6400000, 0x0000000100000000, 0x0000000100000000)
  eden space 667648K, 0% used [0x00000000d6400000,0x00000000d6400000,0x00000000ff000000)
  from space 6144K, 97% used [0x00000000ff000000,0x00000000ff5d8000,0x00000000ff600000)
  to   space 8704K, 0% used [0x00000000ff780000,0x00000000ff780000,0x0000000100000000)
 ParOldGen       total 48128K, used 36734K [0x0000000082c00000, 0x0000000085b00000, 0x00000000d6400000)
  object space 48128K, 76% used [0x0000000082c00000,0x0000000084fdf978,0x0000000085b00000)
 Metaspace       used 3903K, capacity 4684K, committed 4864K, reserved 1056768K
  class space    used 420K, capacity 436K, committed 512K, reserved 1048576K
}
Event: 6055.170 GC heap before
{Heap before GC invocations=2473 (full 9):
 PSYoungGen      total 673792K, used 673632K [0x00000000d6400000, 0x0000000100000000, 0x0000000100000000)
  eden space 667648K, 100% used [0x00000000d6400000,0x00000000ff000000,0x00000000ff000000)
  from space 6144K, 97% used [0x00000000ff000000,0x00000000ff5d8000,0x00000000ff600000)
  to   space 8704K, 0% used [0x00000000ff780000,0x00000000ff780000,0x0000000100000000)
 ParOldGen       total 48128K, used 36734K [0x0000000082c00000, 0x0000000085b00000, 0x00000000d6400000)
  object space 48128K, 76% used [0x0000000082c00000,0x0000000084fdf978,0x0000000085b00000)
 Metaspace       used 3903K, capacity 4684K, committed 4864K, reserved 1056768K
  class space    used 420K, capacity 436K, committed 512K, reserved 1048576K
Event: 6055.217 GC heap after
Heap after GC invocations=2473 (full 9):
 PSYoungGen      total 644096K, used 7424K [0x00000000d6400000, 0x00000000fff00000, 0x0000000100000000)
  eden space 636416K, 0% used [0x00000000d6400000,0x00000000d6400000,0x00000000fd180000)
  from space 7680K, 96% used [0x00000000ff780000,0x00000000ffec0000,0x00000000fff00000)
  to   space 9728K, 0% used [0x00000000fec00000,0x00000000fec00000,0x00000000ff580000)
 ParOldGen       total 48128K, used 36774K [0x0000000082c00000, 0x0000000085b00000, 0x00000000d6400000)
  object space 48128K, 76% used [0x0000000082c00000,0x0000000084fe9978,0x0000000085b00000)
 Metaspace       used 3903K, capacity 4684K, committed 4864K, reserved 1056768K
  class space    used 420K, capacity 436K, committed 512K, reserved 1048576K
}
Event: 6076.373 GC heap before
{Heap before GC invocations=2474 (full 9):
 PSYoungGen      total 644096K, used 643840K [0x00000000d6400000, 0x00000000fff00000, 0x0000000100000000)
  eden space 636416K, 100% used [0x00000000d6400000,0x00000000fd180000,0x00000000fd180000)
  from space 7680K, 96% used [0x00000000ff780000,0x00000000ffec0000,0x00000000fff00000)
  to   space 9728K, 0% used [0x00000000fec00000,0x00000000fec00000,0x00000000ff580000)
 ParOldGen       total 48128K, used 36774K [0x0000000082c00000, 0x0000000085b00000, 0x00000000d6400000)
  object space 48128K, 76% used [0x0000000082c00000,0x0000000084fe9978,0x0000000085b00000)
 Metaspace       used 3903K, capacity 4684K, committed 4864K, reserved 1056768K
  class space    used 420K, capacity 436K, committed 512K, reserved 1048576K
Event: 6076.433 GC heap after
Heap after GC invocations=2474 (full 9):
 PSYoungGen      total 613888K, used 6880K [0x00000000d6400000, 0x00000000ff800000, 0x0000000100000000)
  eden space 606720K, 0% used [0x00000000d6400000,0x00000000d6400000,0x00000000fb480000)
  from space 7168K, 95% used [0x00000000fec00000,0x00000000ff2b8000,0x00000000ff300000)
  to   space 5120K, 0% used [0x00000000ff300000,0x00000000ff300000,0x00000000ff800000)
 ParOldGen       total 48128K, used 36838K [0x0000000082c00000, 0x0000000085b00000, 0x00000000d6400000)
  object space 48128K, 76% used [0x0000000082c00000,0x0000000084ff9978,0x0000000085b00000)
 Metaspace       used 3903K, capacity 4684K, committed 4864K, reserved 1056768K
  class space    used 420K, capacity 436K, committed 512K, reserved 1048576K
}
Event: 6092.999 GC heap before
{Heap before GC invocations=2475 (full 9):
 PSYoungGen      total 613888K, used 613600K [0x00000000d6400000, 0x00000000ff800000, 0x0000000100000000)
  eden space 606720K, 100% used [0x00000000d6400000,0x00000000fb480000,0x00000000fb480000)
  from space 7168K, 95% used [0x00000000fec00000,0x00000000ff2b8000,0x00000000ff300000)
  to   space 5120K, 0% used [0x00000000ff300000,0x00000000ff300000,0x00000000ff800000)
 ParOldGen       total 48128K, used 36838K [0x0000000082c00000, 0x0000000085b00000, 0x00000000d6400000)
  object space 48128K, 76% used [0x0000000082c00000,0x0000000084ff9978,0x0000000085b00000)
 Metaspace       used 3903K, capacity 4684K, committed 4864K, reserved 1056768K
  class space    used 420K, capacity 436K, committed 512K, reserved 1048576K
Event: 6093.082 GC heap after
Heap after GC invocations=2475 (full 9):
 PSYoungGen      total 583680K, used 5056K [0x00000000d6400000, 0x00000000ff800000, 0x0000000100000000)
  eden space 578560K, 0% used [0x00000000d6400000,0x00000000d6400000,0x00000000f9900000)
  from space 5120K, 98% used [0x00000000ff300000,0x00000000ff7f0000,0x00000000ff800000)
  to   space 10240K, 0% used [0x00000000fe400000,0x00000000fe400000,0x00000000fee00000)
 ParOldGen       total 48128K, used 36886K [0x0000000082c00000, 0x0000000085b00000, 0x00000000d6400000)
  object space 48128K, 76% used [0x0000000082c00000,0x0000000085005978,0x0000000085b00000)
 Metaspace       used 3903K, capacity 4684K, committed 4864K, reserved 1056768K
  class space    used 420K, capacity 436K, committed 512K, reserved 1048576K
}
Event: 6109.767 GC heap before
{Heap before GC invocations=2476 (full 9):
 PSYoungGen      total 583680K, used 583616K [0x00000000d6400000, 0x00000000ff800000, 0x0000000100000000)
  eden space 578560K, 100% used [0x00000000d6400000,0x00000000f9900000,0x00000000f9900000)
  from space 5120K, 98% used [0x00000000ff300000,0x00000000ff7f0000,0x00000000ff800000)
  to   space 10240K, 0% used [0x00000000fe400000,0x00000000fe400000,0x00000000fee00000)
 ParOldGen       total 48128K, used 36886K [0x0000000082c00000, 0x0000000085b00000, 0x00000000d6400000)
  object space 48128K, 76% used [0x0000000082c00000,0x0000000085005978,0x0000000085b00000)
 Metaspace       used 3903K, capacity 4684K, committed 4864K, reserved 1056768K
  class space    used 420K, capacity 436K, committed 512K, reserved 1048576K
Event: 6109.848 GC heap after
Heap after GC invocations=2476 (full 9):
 PSYoungGen      total 558080K, used 6560K [0x00000000d6400000, 0x00000000ff380000, 0x0000000100000000)
  eden space 551424K, 0% used [0x00000000d6400000,0x00000000d6400000,0x00000000f7e80000)
  from space 6656K, 98% used [0x00000000fe400000,0x00000000fea68000,0x00000000fea80000)
  to   space 9216K, 0% used [0x00000000fea80000,0x00000000fea80000,0x00000000ff380000)
 ParOldGen       total 48128K, used 36910K [0x0000000082c00000, 0x0000000085b00000, 0x00000000d6400000)
  object space 48128K, 76% used [0x0000000082c00000,0x000000008500b978,0x0000000085b00000)
 Metaspace       used 3903K, capacity 4684K, committed 4864K, reserved 1056768K
  class space    used 420K, capacity 436K, committed 512K, reserved 1048576K
}
Event: 6127.918 GC heap before
{Heap before GC invocations=2477 (full 9):
 PSYoungGen      total 558080K, used 557984K [0x00000000d6400000, 0x00000000ff380000, 0x0000000100000000)
  eden space 551424K, 100% used [0x00000000d6400000,0x00000000f7e80000,0x00000000f7e80000)
  from space 6656K, 98% used [0x00000000fe400000,0x00000000fea68000,0x00000000fea80000)
  to   space 9216K, 0% used [0x00000000fea80000,0x00000000fea80000,0x00000000ff380000)
 ParOldGen       total 48128K, used 36910K [0x0000000082c00000, 0x0000000085b00000, 0x00000000d6400000)
  object space 48128K, 76% used [0x0000000082c00000,0x000000008500b978,0x0000000085b00000)
 Metaspace       used 3903K, capacity 4684K, committed 4864K, reserved 1056768K
  class space    used 420K, capacity 436K, committed 512K, reserved 1048576K

Deoptimization events (10 events):
Event: 1010.593 Thread 0x0000000000fed800 Uncommon trap: reason=unstable_if action=reinterpret pc=0x0000000002ca900c method=sun.misc.FloatingDecimal$BinaryToASCIIBuffer.dtoa(IJIZ)V @ 379
Event: 1129.029 Thread 0x0000000002aeb000 Uncommon trap: reason=class_check action=maybe_recompile pc=0x0000000002c26160 method=java.lang.System$2.invokeFinalize(Ljava/lang/Object;)V @ 1
Event: 1129.061 Thread 0x0000000002aeb000 Uncommon trap: reason=class_check action=maybe_recompile pc=0x0000000002c26160 method=java.lang.System$2.invokeFinalize(Ljava/lang/Object;)V @ 1
Event: 1129.131 Thread 0x0000000002aeb000 Uncommon trap: reason=class_check action=maybe_recompile pc=0x0000000002c26160 method=java.lang.System$2.invokeFinalize(Ljava/lang/Object;)V @ 1
Event: 1129.180 Thread 0x0000000002aeb000 Uncommon trap: reason=class_check action=maybe_recompile pc=0x0000000002c26160 method=java.lang.System$2.invokeFinalize(Ljava/lang/Object;)V @ 1
Event: 2031.639 Thread 0x0000000002ae0000 Uncommon trap: reason=class_check action=maybe_recompile pc=0x0000000002dc3f18 method=java.lang.ref.ReferenceQueue.enqueue(Ljava/lang/ref/Reference;)Z @ 91
Event: 2031.639 Thread 0x0000000002ae0000 Uncommon trap: reason=class_check action=maybe_recompile pc=0x0000000002dc3f18 method=java.lang.ref.ReferenceQueue.enqueue(Ljava/lang/ref/Reference;)Z @ 91
Event: 2031.639 Thread 0x0000000002ae0000 Uncommon trap: reason=class_check action=maybe_recompile pc=0x0000000002dc3f18 method=java.lang.ref.ReferenceQueue.enqueue(Ljava/lang/ref/Reference;)Z @ 91
Event: 2031.640 Thread 0x0000000002ae0000 Uncommon trap: reason=unstable_if action=reinterpret pc=0x0000000002dc3e08 method=java.lang.ref.Reference.tryHandlePending(Z)Z @ 104
Event: 2031.640 Thread 0x0000000002ae0000 Uncommon trap: reason=class_check action=maybe_recompile pc=0x0000000002dc32f0 method=java.lang.ref.ReferenceQueue.enqueue(Ljava/lang/ref/Reference;)Z @ 91

Classes redefined (0 events):
No events

Internal exceptions (6 events):
Event: 0.090 Thread 0x0000000000fed800 Exception <a 'java/lang/NoSuchMethodError': Method sun.misc.Unsafe.defineClass(Ljava/lang/String;[BII)Ljava/lang/Class; name or signature does not match> (0x00000000d6407cb0) thrown at [C:\re\workspace\8-2-build-windows-amd64-cygwin\jdk8u181\11358\hotspot
Event: 0.090 Thread 0x0000000000fed800 Exception <a 'java/lang/NoSuchMethodError': Method sun.misc.Unsafe.prefetchRead(Ljava/lang/Object;J)V name or signature does not match> (0x00000000d6407f98) thrown at [C:\re\workspace\8-2-build-windows-amd64-cygwin\jdk8u181\11358\hotspot\src\share\vm\prim
Event: 0.433 Thread 0x0000000000fed800 Exception <a 'java/security/PrivilegedActionException'> (0x00000000d655df70) thrown at [C:\re\workspace\8-2-build-windows-amd64-cygwin\jdk8u181\11358\hotspot\src\share\vm\prims\jvm.cpp, line 1435]
Event: 0.433 Thread 0x0000000000fed800 Exception <a 'java/security/PrivilegedActionException'> (0x00000000d655e368) thrown at [C:\re\workspace\8-2-build-windows-amd64-cygwin\jdk8u181\11358\hotspot\src\share\vm\prims\jvm.cpp, line 1435]
Event: 0.435 Thread 0x0000000000fed800 Exception <a 'java/security/PrivilegedActionException'> (0x00000000d65621c0) thrown at [C:\re\workspace\8-2-build-windows-amd64-cygwin\jdk8u181\11358\hotspot\src\share\vm\prims\jvm.cpp, line 1435]
Event: 0.435 Thread 0x0000000000fed800 Exception <a 'java/security/PrivilegedActionException'> (0x00000000d65625b8) thrown at [C:\re\workspace\8-2-build-windows-amd64-cygwin\jdk8u181\11358\hotspot\src\share\vm\prims\jvm.cpp, line 1435]

Events (10 events):
Event: 6038.333 Executing VM operation: ParallelGCFailedAllocation done
Event: 6055.170 Executing VM operation: ParallelGCFailedAllocation
Event: 6055.217 Executing VM operation: ParallelGCFailedAllocation done
Event: 6076.373 Executing VM operation: ParallelGCFailedAllocation
Event: 6076.433 Executing VM operation: ParallelGCFailedAllocation done
Event: 6092.999 Executing VM operation: ParallelGCFailedAllocation
Event: 6093.082 Executing VM operation: ParallelGCFailedAllocation done
Event: 6109.767 Executing VM operation: ParallelGCFailedAllocation
Event: 6109.849 Executing VM operation: ParallelGCFailedAllocation done
Event: 6127.918 Executing VM operation: ParallelGCFailedAllocation


Dynamic libraries:
0x00007ff773930000 - 0x00007ff773967000 	C:\Program Files\Java\jre1.8.0_181\bin\javaw.exe
0x00007ffcc3fd0000 - 0x00007ffcc41b1000 	C:\WINDOWS\SYSTEM32\ntdll.dll
0x00007ffcc1e00000 - 0x00007ffcc1eb1000 	C:\WINDOWS\System32\KERNEL32.DLL
0x00007ffcc0670000 - 0x00007ffcc08e3000 	C:\WINDOWS\System32\KERNELBASE.dll
0x00007ffcc1560000 - 0x00007ffcc1601000 	C:\WINDOWS\System32\ADVAPI32.dll
0x00007ffcc1440000 - 0x00007ffcc14de000 	C:\WINDOWS\System32\msvcrt.dll
0x00007ffcc3f40000 - 0x00007ffcc3f9b000 	C:\WINDOWS\System32\sechost.dll
0x00007ffcc39f0000 - 0x00007ffcc3b14000 	C:\WINDOWS\System32\RPCRT4.dll
0x00007ffcc1ef0000 - 0x00007ffcc2081000 	C:\WINDOWS\System32\USER32.dll
0x00007ffcc13d0000 - 0x00007ffcc13f0000 	C:\WINDOWS\System32\win32u.dll
0x00007ffcc1ec0000 - 0x00007ffcc1ee8000 	C:\WINDOWS\System32\GDI32.dll
0x00007ffcc0950000 - 0x00007ffcc0ae1000 	C:\WINDOWS\System32\gdi32full.dll
0x00007ffcc1330000 - 0x00007ffcc13cf000 	C:\WINDOWS\System32\msvcp_win.dll
0x00007ffcc0380000 - 0x00007ffcc0478000 	C:\WINDOWS\System32\ucrtbase.dll
0x00007ffcb2200000 - 0x00007ffcb2469000 	C:\WINDOWS\WinSxS\amd64_microsoft.windows.common-controls_6595b64144ccf1df_6.0.17134.1184_none_d403e8b37c8ca406\COMCTL32.dll
0x00007ffcc3b30000 - 0x00007ffcc3e51000 	C:\WINDOWS\System32\combase.dll
0x00007ffcc1200000 - 0x00007ffcc1279000 	C:\WINDOWS\System32\bcryptPrimitives.dll
0x00007ffcc2100000 - 0x00007ffcc212d000 	C:\WINDOWS\System32\IMM32.DLL
0x0000000064120000 - 0x00000000641f2000 	C:\Program Files\Java\jre1.8.0_181\bin\msvcr100.dll
0x00000000643c0000 - 0x0000000064c62000 	C:\Program Files\Java\jre1.8.0_181\bin\server\jvm.dll
0x00007ffcc3b20000 - 0x00007ffcc3b28000 	C:\WINDOWS\System32\PSAPI.DLL
0x00007ffcb9b00000 - 0x00007ffcb9b09000 	C:\WINDOWS\SYSTEM32\WSOCK32.dll
0x00007ffcc2090000 - 0x00007ffcc20fc000 	C:\WINDOWS\System32\WS2_32.dll
0x00007ffcb1ac0000 - 0x00007ffcb1ae3000 	C:\WINDOWS\SYSTEM32\WINMM.dll
0x00007ffcb7e20000 - 0x00007ffcb7e2a000 	C:\WINDOWS\SYSTEM32\VERSION.dll
0x00007ffcb0a10000 - 0x00007ffcb0a3a000 	C:\WINDOWS\SYSTEM32\WINMMBASE.dll
0x00007ffcc13f0000 - 0x00007ffcc1439000 	C:\WINDOWS\System32\cfgmgr32.dll
0x00000000642d0000 - 0x00000000642df000 	C:\Program Files\Java\jre1.8.0_181\bin\verify.dll
0x00000000642a0000 - 0x00000000642c9000 	C:\Program Files\Java\jre1.8.0_181\bin\java.dll
0x0000000064280000 - 0x0000000064296000 	C:\Program Files\Java\jre1.8.0_181\bin\zip.dll
0x00007ffcc2190000 - 0x00007ffcc35d5000 	C:\WINDOWS\System32\SHELL32.dll
0x00007ffcc1610000 - 0x00007ffcc16b9000 	C:\WINDOWS\System32\shcore.dll
0x00007ffcc0af0000 - 0x00007ffcc1200000 	C:\WINDOWS\System32\windows.storage.dll
0x00007ffcc1500000 - 0x00007ffcc1551000 	C:\WINDOWS\System32\shlwapi.dll
0x00007ffcc02f0000 - 0x00007ffcc0301000 	C:\WINDOWS\System32\kernel.appcore.dll
0x00007ffcc0360000 - 0x00007ffcc037f000 	C:\WINDOWS\System32\profapi.dll
0x00007ffcc0310000 - 0x00007ffcc035c000 	C:\WINDOWS\System32\powrprof.dll
0x00007ffcc02e0000 - 0x00007ffcc02ea000 	C:\WINDOWS\System32\FLTLIB.DLL
0x00007ffcba9b0000 - 0x00007ffcbab79000 	C:\WINDOWS\SYSTEM32\dbghelp.dll

VM Arguments:
jvm_args: -Dfile.encoding=Cp1252 
java_command: main.Main
java_class_path (initial): C:\Users\jonathan\Egalitarian_Workspace_v2_NoLimitado\Egalitarian_project\bin
Launcher Type: SUN_STANDARD

Environment Variables:
PATH=C:/Program Files/Java/jre1.8.0_181/bin/server;C:/Program Files/Java/jre1.8.0_181/bin;C:/Program Files/Java/jre1.8.0_181/lib/amd64;C:\Program Files\Haskell\bin;C:\Program Files\Haskell Platform\8.4.3\lib\extralibs\bin;C:\Program Files\Haskell Platform\8.4.3\bin;C:\Program Files (x86)\Common Files\Oracle\Java\javapath;C:\WINDOWS\system32;C:\WINDOWS;C:\WINDOWS\System32\Wbem;C:\WINDOWS\System32\WindowsPowerShell\v1.0\;C:\WINDOWS\System32\OpenSSH\;C:\Program Files\Microsoft SQL Server\130\Tools\Binn\;C:\Program Files\Haskell Platform\8.4.3\mingw\bin;C:\Program Files\Git\cmd;C:\Users\jonathan\AppData\Roaming\cabal\bin;C:\Users\jonathan\AppData\Roaming\local\bin;C:\Users\jonathan\AppData\Local\Microsoft\WindowsApps;C:\Users\jonathan\AppData\Local\Programs\Microsoft VS Code\bin;C:\Users\jonathan\Downloads\eclipse;
USERNAME=jonathan
OS=Windows_NT
PROCESSOR_IDENTIFIER=Intel64 Family 6 Model 58 Stepping 9, GenuineIntel



---------------  S Y S T E M  ---------------

OS: Windows 10.0 , 64 bit Build 17134 (10.0.17134.753)

CPU:total 4 (initial active 4) (2 cores per cpu, 2 threads per core) family 6 model 58 stepping 9, cmov, cx8, fxsr, mmx, sse, sse2, sse3, ssse3, sse4.1, sse4.2, popcnt, avx, aes, clmul, erms, ht, tsc, tscinvbit, tscinv

Memory: 4k page, physical 8202600k(598036k free), swap 13323784k(2496860k free)

vm_info: Java HotSpot(TM) 64-Bit Server VM (25.181-b13) for windows-amd64 JRE (1.8.0_181-b13), built on Jul  7 2018 04:01:33 by "java_re" with MS VC++ 10.0 (VS2010)

time: Mon Dec 16 19:47:15 2019
elapsed time: 6128 seconds (0d 1h 42m 8s)

